{"E:\\Web\\Quernest\\mui-modal-provider\\src\\ModalContext.ts": {"path":"E:\\Web\\Quernest\\mui-modal-provider\\src\\ModalContext.ts","statementMap":{"0":{"start":{"line":1,"column":0},"end":{"line":1,"column":38}},"1":{"start":{"line":2,"column":0},"end":{"line":2,"column":41}},"2":{"start":{"line":21,"column":13},"end":{"line":33,"column":2}},"3":{"start":{"line":24,"column":19},"end":{"line":29,"column":null}},"4":{"start":{"line":35,"column":21},"end":{"line":35,"column":74}},"5":{"start":{"line":37,"column":0},"end":{"line":37,"column":28}}},"fnMap":{"0":{"name":"(anonymous_0)","decl":{"start":{"line":23,"column":13},"end":{"line":23,"column":20}},"loc":{"start":{"line":23,"column":13},"end":{"line":23,"column":21}}},"1":{"name":"(anonymous_1)","decl":{"start":{"line":24,"column":13},"end":{"line":24,"column":19}},"loc":{"start":{"line":24,"column":13},"end":{"line":24,"column":20}}},"2":{"name":"(anonymous_2)","decl":{"start":{"line":26,"column":10},"end":{"line":26,"column":17}},"loc":{"start":{"line":26,"column":10},"end":{"line":26,"column":18}}},"3":{"name":"(anonymous_3)","decl":{"start":{"line":27,"column":13},"end":{"line":27,"column":20}},"loc":{"start":{"line":27,"column":13},"end":{"line":27,"column":21}}},"4":{"name":"(anonymous_4)","decl":{"start":{"line":28,"column":12},"end":{"line":28,"column":19}},"loc":{"start":{"line":28,"column":12},"end":{"line":28,"column":20}}},"5":{"name":"(anonymous_5)","decl":{"start":{"line":30,"column":16},"end":{"line":30,"column":23}},"loc":{"start":{"line":30,"column":16},"end":{"line":30,"column":24}}},"6":{"name":"(anonymous_6)","decl":{"start":{"line":31,"column":15},"end":{"line":31,"column":22}},"loc":{"start":{"line":31,"column":15},"end":{"line":31,"column":23}}},"7":{"name":"(anonymous_7)","decl":{"start":{"line":32,"column":25},"end":{"line":32,"column":32}},"loc":{"start":{"line":32,"column":25},"end":{"line":32,"column":33}}}},"branchMap":{},"s":{"0":4,"1":4,"2":4,"3":1,"4":4,"5":4},"f":{"0":1,"1":1,"2":1,"3":1,"4":1,"5":1,"6":1,"7":1},"b":{}}
,"E:\\Web\\Quernest\\mui-modal-provider\\src\\ModalProvider.tsx": {"path":"E:\\Web\\Quernest\\mui-modal-provider\\src\\ModalProvider.tsx","statementMap":{"0":{"start":{"line":1,"column":0},"end":{"line":1,"column":26}},"1":{"start":{"line":2,"column":0},"end":{"line":2,"column":42}},"2":{"start":{"line":3,"column":0},"end":{"line":3,"column":57}},"3":{"start":{"line":11,"column":0},"end":{"line":11,"column":null}},"4":{"start":{"line":15,"column":0},"end":{"line":15,"column":30}},"5":{"start":{"line":23,"column":10},"end":{"line":23,"column":null}},"6":{"start":{"line":24,"column":2},"end":{"line":24,"column":14}},"7":{"start":{"line":24,"column":14},"end":{"line":24,"column":null}},"8":{"start":{"line":26,"column":28},"end":{"line":26,"column":67}},"9":{"start":{"line":26,"column":14},"end":{"line":26,"column":16}},"10":{"start":{"line":26,"column":24},"end":{"line":26,"column":28}},"11":{"start":{"line":28,"column":17},"end":{"line":43,"column":null}},"12":{"start":{"line":29,"column":15},"end":{"line":29,"column":20}},"13":{"start":{"line":29,"column":25},"end":{"line":29,"column":null}},"14":{"start":{"line":30,"column":6},"end":{"line":33,"column":null}},"15":{"start":{"line":31,"column":8},"end":{"line":31,"column":53}},"16":{"start":{"line":32,"column":8},"end":{"line":32,"column":15}},"17":{"start":{"line":35,"column":6},"end":{"line":41,"column":9}},"18":{"start":{"line":46,"column":15},"end":{"line":60,"column":null}},"19":{"start":{"line":48,"column":6},"end":{"line":51,"column":null}},"20":{"start":{"line":49,"column":8},"end":{"line":49,"column":53}},"21":{"start":{"line":50,"column":8},"end":{"line":50,"column":15}},"22":{"start":{"line":53,"column":6},"end":{"line":58,"column":9}},"23":{"start":{"line":63,"column":18},"end":{"line":77,"column":null}},"24":{"start":{"line":65,"column":6},"end":{"line":68,"column":null}},"25":{"start":{"line":66,"column":8},"end":{"line":66,"column":53}},"26":{"start":{"line":67,"column":8},"end":{"line":67,"column":15}},"27":{"start":{"line":70,"column":6},"end":{"line":75,"column":9}},"28":{"start":{"line":80,"column":26},"end":{"line":94,"column":null}},"29":{"start":{"line":82,"column":6},"end":{"line":85,"column":null}},"30":{"start":{"line":83,"column":8},"end":{"line":83,"column":58}},"31":{"start":{"line":84,"column":8},"end":{"line":84,"column":15}},"32":{"start":{"line":87,"column":6},"end":{"line":92,"column":9}},"33":{"start":{"line":97,"column":15},"end":{"line":122,"column":null}},"34":{"start":{"line":99,"column":15},"end":{"line":99,"column":21}},"35":{"start":{"line":101,"column":6},"end":{"line":103,"column":null}},"36":{"start":{"line":102,"column":8},"end":{"line":102,"column":39}},"37":{"start":{"line":105,"column":6},"end":{"line":113,"column":9}},"38":{"start":{"line":115,"column":6},"end":{"line":120,"column":8}},"39":{"start":{"line":117,"column":20},"end":{"line":117,"column":null}},"40":{"start":{"line":118,"column":23},"end":{"line":118,"column":null}},"41":{"start":{"line":119,"column":28},"end":{"line":119,"column":null}},"42":{"start":{"line":125,"column":22},"end":{"line":126,"column":10}},"43":{"start":{"line":126,"column":4},"end":{"line":176,"column":7}},"44":{"start":{"line":127,"column":55},"end":{"line":127,"column":64}},"45":{"start":{"line":127,"column":34},"end":{"line":127,"column":36}},"46":{"start":{"line":127,"column":41},"end":{"line":127,"column":43}},"47":{"start":{"line":127,"column":50},"end":{"line":127,"column":55}},"48":{"start":{"line":129,"column":26},"end":{"line":139,"column":7}},"49":{"start":{"line":129,"column":27},"end":{"line":129,"column":41}},"50":{"start":{"line":130,"column":8},"end":{"line":134,"column":null}},"51":{"start":{"line":131,"column":10},"end":{"line":131,"column":22}},"52":{"start":{"line":133,"column":10},"end":{"line":133,"column":19}},"53":{"start":{"line":136,"column":8},"end":{"line":138,"column":null}},"54":{"start":{"line":137,"column":10},"end":{"line":137,"column":33}},"55":{"start":{"line":141,"column":27},"end":{"line":151,"column":7}},"56":{"start":{"line":141,"column":28},"end":{"line":141,"column":42}},"57":{"start":{"line":142,"column":8},"end":{"line":144,"column":null}},"58":{"start":{"line":143,"column":10},"end":{"line":143,"column":34}},"59":{"start":{"line":146,"column":8},"end":{"line":148,"column":null}},"60":{"start":{"line":147,"column":10},"end":{"line":147,"column":50}},"61":{"start":{"line":150,"column":8},"end":{"line":150,"column":20}},"62":{"start":{"line":153,"column":23},"end":{"line":153,"column":25}},"63":{"start":{"line":155,"column":6},"end":{"line":166,"column":null}},"64":{"start":{"line":156,"column":8},"end":{"line":161,"column":10}},"65":{"start":{"line":163,"column":8},"end":{"line":165,"column":10}},"66":{"start":{"line":168,"column":6},"end":{"line":175,"column":8}},"67":{"start":{"line":178,"column":2},"end":{"line":192,"column":4}},"68":{"start":{"line":22,"column":0},"end":{"line":22,"column":24}}},"fnMap":{"0":{"name":"ModalProvider","decl":{"start":{"line":22,"column":24},"end":{"line":22,"column":37}},"loc":{"start":{"line":25,"column":8},"end":{"line":193,"column":1}}},"1":{"name":"(anonymous_1)","decl":{"start":{"line":29,"column":4},"end":{"line":29,"column":5}},"loc":{"start":{"line":29,"column":27},"end":{"line":42,"column":5}}},"2":{"name":"(anonymous_2)","decl":{"start":{"line":47,"column":4},"end":{"line":47,"column":6}},"loc":{"start":{"line":47,"column":6},"end":{"line":59,"column":5}}},"3":{"name":"(anonymous_3)","decl":{"start":{"line":64,"column":4},"end":{"line":64,"column":6}},"loc":{"start":{"line":64,"column":6},"end":{"line":76,"column":5}}},"4":{"name":"(anonymous_4)","decl":{"start":{"line":81,"column":4},"end":{"line":81,"column":10}},"loc":{"start":{"line":81,"column":10},"end":{"line":93,"column":5}}},"5":{"name":"(anonymous_5)","decl":{"start":{"line":98,"column":4},"end":{"line":98,"column":5}},"loc":{"start":{"line":98,"column":30},"end":{"line":121,"column":5}}},"6":{"name":"(anonymous_6)","decl":{"start":{"line":117,"column":14},"end":{"line":117,"column":20}},"loc":{"start":{"line":117,"column":14},"end":{"line":117,"column":24}}},"7":{"name":"(anonymous_7)","decl":{"start":{"line":118,"column":17},"end":{"line":118,"column":23}},"loc":{"start":{"line":118,"column":17},"end":{"line":118,"column":30}}},"8":{"name":"(anonymous_8)","decl":{"start":{"line":119,"column":16},"end":{"line":119,"column":24}},"loc":{"start":{"line":119,"column":24},"end":{"line":119,"column":34}}},"9":{"name":"(anonymous_9)","decl":{"start":{"line":125,"column":22},"end":{"line":125,"column":null}},"loc":{"start":{"line":125,"column":22},"end":{"line":126,"column":10}}},"10":{"name":"(anonymous_10)","decl":{"start":{"line":126,"column":27},"end":{"line":126,"column":29}},"loc":{"start":{"line":126,"column":29},"end":{"line":176,"column":5}}},"11":{"name":"(anonymous_11)","decl":{"start":{"line":129,"column":26},"end":{"line":129,"column":27}},"loc":{"start":{"line":129,"column":26},"end":{"line":139,"column":7}}},"12":{"name":"(anonymous_12)","decl":{"start":{"line":141,"column":27},"end":{"line":141,"column":28}},"loc":{"start":{"line":141,"column":27},"end":{"line":151,"column":7}}}},"branchMap":{"0":{"loc":{"start":{"line":24,"column":17},"end":{"line":24,"column":21}},"type":"cond-expr","locations":[{"start":{"line":24,"column":17},"end":{"line":24,"column":21}},{"start":{"line":24,"column":21},"end":{"line":24,"column":null}}]},"1":{"loc":{"start":{"line":30,"column":6},"end":{"line":33,"column":null}},"type":"if","locations":[{"start":{"line":30,"column":6},"end":{"line":33,"column":null}},{"start":{"line":30,"column":6},"end":{"line":33,"column":null}}]},"2":{"loc":{"start":{"line":48,"column":6},"end":{"line":51,"column":null}},"type":"if","locations":[{"start":{"line":48,"column":6},"end":{"line":51,"column":null}},{"start":{"line":48,"column":6},"end":{"line":51,"column":null}}]},"3":{"loc":{"start":{"line":65,"column":6},"end":{"line":68,"column":null}},"type":"if","locations":[{"start":{"line":65,"column":6},"end":{"line":68,"column":null}},{"start":{"line":65,"column":6},"end":{"line":68,"column":null}}]},"4":{"loc":{"start":{"line":82,"column":6},"end":{"line":85,"column":null}},"type":"if","locations":[{"start":{"line":82,"column":6},"end":{"line":85,"column":null}},{"start":{"line":82,"column":6},"end":{"line":85,"column":null}}]},"5":{"loc":{"start":{"line":101,"column":6},"end":{"line":103,"column":null}},"type":"if","locations":[{"start":{"line":101,"column":6},"end":{"line":103,"column":null}},{"start":{"line":101,"column":6},"end":{"line":103,"column":null}}]},"6":{"loc":{"start":{"line":101,"column":10},"end":{"line":101,"column":17}},"type":"binary-expr","locations":[{"start":{"line":101,"column":10},"end":{"line":101,"column":17}},{"start":{"line":101,"column":21},"end":{"line":101,"column":35}}]},"7":{"loc":{"start":{"line":130,"column":8},"end":{"line":134,"column":null}},"type":"if","locations":[{"start":{"line":130,"column":8},"end":{"line":134,"column":null}},{"start":{"line":130,"column":8},"end":{"line":134,"column":null}}]},"8":{"loc":{"start":{"line":130,"column":12},"end":{"line":130,"column":19}},"type":"binary-expr","locations":[{"start":{"line":130,"column":12},"end":{"line":130,"column":19}},{"start":{"line":130,"column":23},"end":{"line":130,"column":45}}]},"9":{"loc":{"start":{"line":136,"column":8},"end":{"line":138,"column":null}},"type":"if","locations":[{"start":{"line":136,"column":8},"end":{"line":138,"column":null}},{"start":{"line":136,"column":8},"end":{"line":138,"column":null}}]},"10":{"loc":{"start":{"line":136,"column":12},"end":{"line":136,"column":17}},"type":"binary-expr","locations":[{"start":{"line":136,"column":12},"end":{"line":136,"column":17}},{"start":{"line":136,"column":21},"end":{"line":136,"column":34}}]},"11":{"loc":{"start":{"line":142,"column":8},"end":{"line":144,"column":null}},"type":"if","locations":[{"start":{"line":142,"column":8},"end":{"line":144,"column":null}},{"start":{"line":142,"column":8},"end":{"line":144,"column":null}}]},"12":{"loc":{"start":{"line":142,"column":17},"end":{"line":142,"column":19}},"type":"cond-expr","locations":[{"start":{"line":142,"column":17},"end":{"line":142,"column":19}},{"start":{"line":142,"column":12},"end":{"line":142,"column":27}}]},"13":{"loc":{"start":{"line":142,"column":12},"end":{"line":142,"column":19}},"type":"binary-expr","locations":[{"start":{"line":142,"column":12},"end":{"line":142,"column":19}},{"start":{"line":142,"column":12},"end":{"line":142,"column":19}}]},"14":{"loc":{"start":{"line":146,"column":8},"end":{"line":148,"column":null}},"type":"if","locations":[{"start":{"line":146,"column":8},"end":{"line":148,"column":null}},{"start":{"line":146,"column":8},"end":{"line":148,"column":null}}]},"15":{"loc":{"start":{"line":146,"column":34},"end":{"line":146,"column":36}},"type":"cond-expr","locations":[{"start":{"line":146,"column":34},"end":{"line":146,"column":36}},{"start":{"line":146,"column":34},"end":{"line":146,"column":44}}]},"16":{"loc":{"start":{"line":146,"column":8},"end":{"line":146,"column":36}},"type":"binary-expr","locations":[{"start":{"line":146,"column":8},"end":{"line":146,"column":36}},{"start":{"line":146,"column":34},"end":{"line":146,"column":36}}]},"17":{"loc":{"start":{"line":146,"column":17},"end":{"line":146,"column":19}},"type":"cond-expr","locations":[{"start":{"line":146,"column":17},"end":{"line":146,"column":19}},{"start":{"line":146,"column":12},"end":{"line":146,"column":34}}]},"18":{"loc":{"start":{"line":146,"column":12},"end":{"line":146,"column":19}},"type":"binary-expr","locations":[{"start":{"line":146,"column":12},"end":{"line":146,"column":19}},{"start":{"line":146,"column":12},"end":{"line":146,"column":19}}]},"19":{"loc":{"start":{"line":155,"column":6},"end":{"line":166,"column":null}},"type":"if","locations":[{"start":{"line":155,"column":6},"end":{"line":166,"column":null}},{"start":{"line":155,"column":6},"end":{"line":166,"column":null}}]},"20":{"loc":{"start":{"line":158,"column":20},"end":{"line":158,"column":22}},"type":"cond-expr","locations":[{"start":{"line":158,"column":20},"end":{"line":158,"column":22}},{"start":{"line":158,"column":15},"end":{"line":158,"column":37}}]},"21":{"loc":{"start":{"line":158,"column":15},"end":{"line":158,"column":22}},"type":"binary-expr","locations":[{"start":{"line":158,"column":15},"end":{"line":158,"column":22}},{"start":{"line":158,"column":15},"end":{"line":158,"column":22}}]},"22":{"loc":{"start":{"line":173,"column":15},"end":{"line":173,"column":22}},"type":"binary-expr","locations":[{"start":{"line":173,"column":15},"end":{"line":173,"column":22}},{"start":{"line":173,"column":26},"end":{"line":173,"column":49}},{"start":{"line":173,"column":53},"end":{"line":173,"column":63}}]}},"s":{"0":4,"1":4,"2":4,"3":4,"4":4,"5":24,"6":24,"7":24,"8":24,"9":24,"10":24,"11":24,"12":2,"13":2,"14":2,"15":1,"16":1,"17":1,"18":24,"19":9,"20":1,"21":1,"22":8,"23":24,"24":6,"25":1,"26":1,"27":5,"28":24,"29":3,"30":1,"31":1,"32":2,"33":24,"34":8,"35":8,"36":6,"37":8,"38":8,"39":5,"40":1,"41":1,"42":24,"43":24,"44":9,"45":9,"46":9,"47":9,"48":9,"49":12,"50":4,"51":1,"52":3,"53":4,"54":1,"55":9,"56":9,"57":3,"58":1,"59":3,"60":1,"61":3,"62":9,"63":9,"64":8,"65":1,"66":9,"67":24,"68":4},"f":{"0":24,"1":2,"2":9,"3":6,"4":3,"5":8,"6":5,"7":1,"8":1,"9":24,"10":9,"11":4,"12":3},"b":{"0":[21,3],"1":[1,1],"2":[1,8],"3":[1,5],"4":[1,2],"5":[6,2],"6":[8,6],"7":[1,3],"8":[4,4],"9":[1,3],"10":[4,4],"11":[1,2],"12":[0,3],"13":[3,3],"14":[1,2],"15":[2,1],"16":[3,3],"17":[0,3],"18":[3,3],"19":[8,1],"20":[0,8],"21":[8,8],"22":[9,7,5]}}
,"E:\\Web\\Quernest\\mui-modal-provider\\src\\constants.ts": {"path":"E:\\Web\\Quernest\\mui-modal-provider\\src\\constants.ts","statementMap":{"0":{"start":{"line":1,"column":13},"end":{"line":1,"column":76}},"1":{"start":{"line":2,"column":13},"end":{"line":3,"column":38}}},"fnMap":{},"branchMap":{},"s":{"0":4,"1":4},"f":{},"b":{}}
,"E:\\Web\\Quernest\\mui-modal-provider\\src\\reducer.ts": {"path":"E:\\Web\\Quernest\\mui-modal-provider\\src\\reducer.ts","statementMap":{"0":{"start":{"line":9,"column":0},"end":{"line":9,"column":null}},"1":{"start":{"line":10,"column":2},"end":{"line":10,"column":null}},"2":{"start":{"line":11,"column":2},"end":{"line":11,"column":null}},"3":{"start":{"line":12,"column":2},"end":{"line":12,"column":null}},"4":{"start":{"line":13,"column":2},"end":{"line":13,"column":null}},"5":{"start":{"line":14,"column":2},"end":{"line":14,"column":null}},"6":{"start":{"line":15,"column":2},"end":{"line":15,"column":null}},"7":{"start":{"line":40,"column":13},"end":{"line":40,"column":38}},"8":{"start":{"line":43,"column":2},"end":{"line":116,"column":null}},"9":{"start":{"line":45,"column":48},"end":{"line":45,"column":62}},"10":{"start":{"line":45,"column":16},"end":{"line":45,"column":18}},"11":{"start":{"line":45,"column":27},"end":{"line":45,"column":29}},"12":{"start":{"line":45,"column":34},"end":{"line":45,"column":36}},"13":{"start":{"line":45,"column":43},"end":{"line":45,"column":48}},"14":{"start":{"line":47,"column":6},"end":{"line":56,"column":null}},"15":{"start":{"line":60,"column":21},"end":{"line":60,"column":36}},"16":{"start":{"line":62,"column":6},"end":{"line":64,"column":null}},"17":{"start":{"line":63,"column":8},"end":{"line":63,"column":21}},"18":{"start":{"line":66,"column":6},"end":{"line":72,"column":null}},"19":{"start":{"line":78,"column":28},"end":{"line":78,"column":42}},"20":{"start":{"line":78,"column":16},"end":{"line":78,"column":18}},"21":{"start":{"line":78,"column":23},"end":{"line":78,"column":28}},"22":{"start":{"line":80,"column":6},"end":{"line":82,"column":null}},"23":{"start":{"line":81,"column":8},"end":{"line":81,"column":21}},"24":{"start":{"line":84,"column":6},"end":{"line":90,"column":null}},"25":{"start":{"line":96,"column":21},"end":{"line":96,"column":36}},"26":{"start":{"line":97,"column":20},"end":{"line":97,"column":35}},"27":{"start":{"line":98,"column":6},"end":{"line":98,"column":26}},"28":{"start":{"line":99,"column":6},"end":{"line":99,"column":22}},"29":{"start":{"line":102,"column":25},"end":{"line":102,"column":40}},"30":{"start":{"line":104,"column":6},"end":{"line":112,"column":10}},"31":{"start":{"line":105,"column":23},"end":{"line":105,"column":52}},"32":{"start":{"line":107,"column":24},"end":{"line":110,"column":null}},"33":{"start":{"line":115,"column":6},"end":{"line":115,"column":43}},"34":{"start":{"line":42,"column":0},"end":{"line":42,"column":24}}},"fnMap":{"0":{"name":"(anonymous_0)","decl":{"start":{"line":9,"column":0},"end":{"line":9,"column":12}},"loc":{"start":{"line":9,"column":17},"end":{"line":16,"column":1}}},"1":{"name":"reducer","decl":{"start":{"line":42,"column":24},"end":{"line":42,"column":31}},"loc":{"start":{"line":42,"column":60},"end":{"line":117,"column":1}}},"2":{"name":"(anonymous_2)","decl":{"start":{"line":105,"column":16},"end":{"line":105,"column":19}},"loc":{"start":{"line":105,"column":19},"end":{"line":105,"column":26}}},"3":{"name":"(anonymous_3)","decl":{"start":{"line":107,"column":10},"end":{"line":107,"column":11}},"loc":{"start":{"line":107,"column":19},"end":{"line":107,"column":null}}}},"branchMap":{"0":{"loc":{"start":{"line":9,"column":12},"end":{"line":9,"column":17}},"type":"binary-expr","locations":[{"start":{"line":9,"column":12},"end":{"line":9,"column":17}},{"start":{"line":9,"column":12},"end":{"line":9,"column":null}}]},"1":{"loc":{"start":{"line":44,"column":4},"end":{"line":58,"column":null}},"type":"switch","locations":[{"start":{"line":44,"column":4},"end":{"line":58,"column":null}},{"start":{"line":59,"column":4},"end":{"line":76,"column":null}},{"start":{"line":77,"column":4},"end":{"line":94,"column":null}},{"start":{"line":95,"column":4},"end":{"line":100,"column":null}},{"start":{"line":101,"column":4},"end":{"line":113,"column":null}},{"start":{"line":114,"column":4},"end":{"line":115,"column":43}}]},"2":{"loc":{"start":{"line":62,"column":6},"end":{"line":64,"column":null}},"type":"if","locations":[{"start":{"line":62,"column":6},"end":{"line":64,"column":null}},{"start":{"line":62,"column":6},"end":{"line":64,"column":null}}]},"3":{"loc":{"start":{"line":80,"column":6},"end":{"line":82,"column":null}},"type":"if","locations":[{"start":{"line":80,"column":6},"end":{"line":82,"column":null}},{"start":{"line":80,"column":6},"end":{"line":82,"column":null}}]}},"s":{"0":4,"1":4,"2":4,"3":4,"4":4,"5":4,"6":4,"7":4,"8":34,"9":10,"10":10,"11":10,"12":10,"13":10,"14":10,"15":11,"16":11,"17":1,"18":10,"19":4,"20":4,"21":4,"22":4,"23":1,"24":3,"25":6,"26":6,"27":6,"28":6,"29":2,"30":2,"31":2,"32":1,"33":1,"34":4},"f":{"0":4,"1":34,"2":2,"3":1},"b":{"0":[4,4],"1":[10,11,4,6,2,1],"2":[1,10],"3":[1,3]}}
,"E:\\Web\\Quernest\\mui-modal-provider\\src\\useModal.ts": {"path":"E:\\Web\\Quernest\\mui-modal-provider\\src\\useModal.ts","statementMap":{"0":{"start":{"line":1,"column":0},"end":{"line":1,"column":67}},"1":{"start":{"line":4,"column":0},"end":{"line":4,"column":42}},"2":{"start":{"line":5,"column":0},"end":{"line":5,"column":30}},"3":{"start":{"line":11,"column":32},"end":{"line":13,"column":2}},"4":{"start":{"line":15,"column":33},"end":{"line":15,"column":null}},"5":{"start":{"line":16,"column":28},"end":{"line":16,"column":67}},"6":{"start":{"line":21,"column":6},"end":{"line":21,"column":30}},"7":{"start":{"line":18,"column":13},"end":{"line":18,"column":null}},"8":{"start":{"line":19,"column":34},"end":{"line":19,"column":null}},"9":{"start":{"line":20,"column":24},"end":{"line":21,"column":6}},"10":{"start":{"line":22,"column":13},"end":{"line":22,"column":35}},"11":{"start":{"line":24,"column":2},"end":{"line":31,"column":4}},"12":{"start":{"line":25,"column":10},"end":{"line":29,"column":null}},"13":{"start":{"line":26,"column":6},"end":{"line":28,"column":null}},"14":{"start":{"line":27,"column":8},"end":{"line":27,"column":28}},"15":{"start":{"line":33,"column":2},"end":{"line":39,"column":null}},"16":{"start":{"line":36,"column":8},"end":{"line":36,"column":null}},"17":{"start":{"line":15,"column":0},"end":{"line":15,"column":24}}},"fnMap":{"0":{"name":"useModal","decl":{"start":{"line":15,"column":24},"end":{"line":15,"column":32}},"loc":{"start":{"line":15,"column":66},"end":{"line":41,"column":1}}},"1":{"name":"(anonymous_1)","decl":{"start":{"line":25,"column":4},"end":{"line":25,"column":10}},"loc":{"start":{"line":25,"column":4},"end":{"line":25,"column":null}}},"2":{"name":"(anonymous_2)","decl":{"start":{"line":25,"column":10},"end":{"line":25,"column":null}},"loc":{"start":{"line":25,"column":10},"end":{"line":29,"column":5}}},"3":{"name":"(anonymous_3)","decl":{"start":{"line":35,"column":6},"end":{"line":35,"column":7}},"loc":{"start":{"line":35,"column":32},"end":{"line":36,"column":17}}}},"branchMap":{"0":{"loc":{"start":{"line":15,"column":33},"end":{"line":15,"column":null}},"type":"if","locations":[{"start":{"line":15,"column":33},"end":{"line":15,"column":null}},{"start":{"line":15,"column":33},"end":{"line":15,"column":null}}]},"1":{"loc":{"start":{"line":26,"column":6},"end":{"line":28,"column":null}},"type":"if","locations":[{"start":{"line":26,"column":6},"end":{"line":28,"column":null}},{"start":{"line":26,"column":6},"end":{"line":28,"column":null}}]}},"s":{"0":1,"1":1,"2":1,"3":1,"4":7,"5":4,"6":4,"7":4,"8":4,"9":4,"10":4,"11":4,"12":3,"13":3,"14":2,"15":4,"16":1,"17":1},"f":{"0":4,"1":3,"2":3,"3":1},"b":{"0":[3,1],"1":[2,1]}}
,"E:\\Web\\Quernest\\mui-modal-provider\\src\\utils.ts": {"path":"E:\\Web\\Quernest\\mui-modal-provider\\src\\utils.ts","statementMap":{"0":{"start":{"line":1,"column":13},"end":{"line":12,"column":2}},"1":{"start":{"line":1,"column":20},"end":{"line":1,"column":null}},"2":{"start":{"line":2,"column":24},"end":{"line":2,"column":26}},"3":{"start":{"line":4,"column":4},"end":{"line":4,"column":68}},"4":{"start":{"line":5,"column":18},"end":{"line":5,"column":30}},"5":{"start":{"line":7,"column":2},"end":{"line":9,"column":null}},"6":{"start":{"line":7,"column":15},"end":{"line":7,"column":16}},"7":{"start":{"line":8,"column":4},"end":{"line":8,"column":63}},"8":{"start":{"line":11,"column":2},"end":{"line":11,"column":22}}},"fnMap":{"0":{"name":"(anonymous_0)","decl":{"start":{"line":1,"column":19},"end":{"line":1,"column":20}},"loc":{"start":{"line":1,"column":35},"end":{"line":12,"column":1}}}},"branchMap":{"0":{"loc":{"start":{"line":1,"column":20},"end":{"line":1,"column":null}},"type":"if","locations":[{"start":{"line":1,"column":20},"end":{"line":1,"column":null}},{"start":{"line":1,"column":20},"end":{"line":1,"column":null}}]}},"s":{"0":5,"1":4,"2":3,"3":3,"4":3,"5":3,"6":3,"7":19,"8":3},"f":{"0":3},"b":{"0":[1,2]}}
}
